[Sat, 14 Aug 2021 14:18:20 GMT] HTTP/1.1 POST [/upload/image] 200 OK --- 72 bytes - 1017.697 msMozilla/5.0 (Windows NT 10.0; Win64; x64) AppleWebKit/537.36 (KHTML, like Gecko) Chrome/92.0.4515.131 Safari/537.36
[Sat, 14 Aug 2021 14:20:06 GMT] HTTP/1.1 POST [/upload/image] 200 OK --- 72 bytes - 1013.589 msMozilla/5.0 (Windows NT 10.0; Win64; x64) AppleWebKit/537.36 (KHTML, like Gecko) Chrome/92.0.4515.131 Safari/537.36
[Sat, 14 Aug 2021 14:20:11 GMT] HTTP/1.1 DELETE [/upload/deleteImg] 200 OK --- 47 bytes - 1021.343 msMozilla/5.0 (Windows NT 10.0; Win64; x64) AppleWebKit/537.36 (KHTML, like Gecko) Chrome/92.0.4515.131 Safari/537.36
[Sat, 14 Aug 2021 14:21:05 GMT] HTTP/1.1 POST [/upload/image] 200 OK --- 72 bytes - 1020.867 msMozilla/5.0 (Windows NT 10.0; Win64; x64) AppleWebKit/537.36 (KHTML, like Gecko) Chrome/92.0.4515.131 Safari/537.36
[Sat, 14 Aug 2021 14:21:08 GMT] HTTP/1.1 DELETE [/upload/deleteImg] 200 OK --- 47 bytes - 1013.221 msMozilla/5.0 (Windows NT 10.0; Win64; x64) AppleWebKit/537.36 (KHTML, like Gecko) Chrome/92.0.4515.131 Safari/537.36
[Sat, 14 Aug 2021 14:30:22 GMT] HTTP/1.1 POST [/upload/image] 200 OK --- 72 bytes - 1021.878 msMozilla/5.0 (Windows NT 10.0; Win64; x64) AppleWebKit/537.36 (KHTML, like Gecko) Chrome/92.0.4515.131 Safari/537.36
[Sat, 14 Aug 2021 14:30:25 GMT] HTTP/1.1 DELETE [/upload/deleteImg] 200 OK --- 47 bytes - 1027.197 msMozilla/5.0 (Windows NT 10.0; Win64; x64) AppleWebKit/537.36 (KHTML, like Gecko) Chrome/92.0.4515.131 Safari/537.36
[Sat, 14 Aug 2021 14:30:39 GMT] HTTP/1.1 POST [/upload/image] 200 OK --- 72 bytes - 1008.453 msMozilla/5.0 (Windows NT 10.0; Win64; x64) AppleWebKit/537.36 (KHTML, like Gecko) Chrome/92.0.4515.131 Safari/537.36
[Sat, 14 Aug 2021 14:30:49 GMT] HTTP/1.1 DELETE [/upload/deleteImg] 200 OK --- 47 bytes - 1004.605 msMozilla/5.0 (Windows NT 10.0; Win64; x64) AppleWebKit/537.36 (KHTML, like Gecko) Chrome/92.0.4515.131 Safari/537.36
[Sat, 14 Aug 2021 14:44:57 GMT] HTTP/1.1 POST [/upload/image] 200 OK --- 72 bytes - 1013.105 msMozilla/5.0 (Windows NT 10.0; Win64; x64) AppleWebKit/537.36 (KHTML, like Gecko) Chrome/92.0.4515.131 Safari/537.36
[Sat, 14 Aug 2021 14:44:59 GMT] HTTP/1.1 POST [/upload/fetchImg] 200 OK --- 127479 bytes - 21.030 msMozilla/5.0 (Windows NT 10.0; Win64; x64) AppleWebKit/537.36 (KHTML, like Gecko) Chrome/92.0.4515.131 Safari/537.36
[Sat, 14 Aug 2021 14:46:45 GMT] HTTP/1.1 POST [/upload/image] 200 OK --- 72 bytes - 1004.208 msMozilla/5.0 (Windows NT 10.0; Win64; x64) AppleWebKit/537.36 (KHTML, like Gecko) Chrome/92.0.4515.131 Safari/537.36
[Sat, 14 Aug 2021 14:46:48 GMT] HTTP/1.1 POST [/upload/fetchImg] 200 OK --- 127479 bytes - 2.701 msMozilla/5.0 (Windows NT 10.0; Win64; x64) AppleWebKit/537.36 (KHTML, like Gecko) Chrome/92.0.4515.131 Safari/537.36
[Sat, 14 Aug 2021 14:47:23 GMT] HTTP/1.1 POST [/upload/image] 200 OK --- 72 bytes - 1008.338 msMozilla/5.0 (Windows NT 10.0; Win64; x64) AppleWebKit/537.36 (KHTML, like Gecko) Chrome/92.0.4515.131 Safari/537.36
[Sat, 14 Aug 2021 14:47:24 GMT] HTTP/1.1 POST [/upload/fetchImg] 200 OK --- 61979 bytes - 2.229 msMozilla/5.0 (Windows NT 10.0; Win64; x64) AppleWebKit/537.36 (KHTML, like Gecko) Chrome/92.0.4515.131 Safari/537.36
[Sat, 14 Aug 2021 14:48:29 GMT] HTTP/1.1 POST [/upload/image] 200 OK --- 72 bytes - 1014.950 msMozilla/5.0 (Windows NT 10.0; Win64; x64) AppleWebKit/537.36 (KHTML, like Gecko) Chrome/92.0.4515.131 Safari/537.36
[Sat, 14 Aug 2021 14:48:34 GMT] HTTP/1.1 POST [/upload/fetchImg] 200 OK --- 127479 bytes - 2.365 msMozilla/5.0 (Windows NT 10.0; Win64; x64) AppleWebKit/537.36 (KHTML, like Gecko) Chrome/92.0.4515.131 Safari/537.36
[Sat, 14 Aug 2021 14:50:08 GMT] HTTP/1.1 POST [/upload/image] 200 OK --- 72 bytes - 1007.478 msMozilla/5.0 (Windows NT 10.0; Win64; x64) AppleWebKit/537.36 (KHTML, like Gecko) Chrome/92.0.4515.131 Safari/537.36
[Sat, 14 Aug 2021 14:50:11 GMT] HTTP/1.1 POST [/upload/fetchImg] 200 OK --- 127479 bytes - 1.951 msMozilla/5.0 (Windows NT 10.0; Win64; x64) AppleWebKit/537.36 (KHTML, like Gecko) Chrome/92.0.4515.131 Safari/537.36
[Sat, 14 Aug 2021 14:50:24 GMT] HTTP/1.1 POST [/upload/fetchImg] 200 OK --- 127479 bytes - 1.555 msMozilla/5.0 (Windows NT 10.0; Win64; x64) AppleWebKit/537.36 (KHTML, like Gecko) Chrome/92.0.4515.131 Safari/537.36
[Sat, 14 Aug 2021 14:50:53 GMT] HTTP/1.1 POST [/upload/image] 200 OK --- 72 bytes - 1006.903 msMozilla/5.0 (Windows NT 10.0; Win64; x64) AppleWebKit/537.36 (KHTML, like Gecko) Chrome/92.0.4515.131 Safari/537.36
[Sat, 14 Aug 2021 14:50:56 GMT] HTTP/1.1 POST [/upload/fetchImg] 200 OK --- 61979 bytes - 1.988 msMozilla/5.0 (Windows NT 10.0; Win64; x64) AppleWebKit/537.36 (KHTML, like Gecko) Chrome/92.0.4515.131 Safari/537.36
[Sat, 14 Aug 2021 14:51:40 GMT] HTTP/1.1 POST [/upload/image] 200 OK --- 72 bytes - 1015.817 msMozilla/5.0 (Windows NT 10.0; Win64; x64) AppleWebKit/537.36 (KHTML, like Gecko) Chrome/92.0.4515.131 Safari/537.36
[Sat, 14 Aug 2021 14:51:42 GMT] HTTP/1.1 POST [/upload/fetchImg] 200 OK --- 127479 bytes - 2.038 msMozilla/5.0 (Windows NT 10.0; Win64; x64) AppleWebKit/537.36 (KHTML, like Gecko) Chrome/92.0.4515.131 Safari/537.36
[Sat, 14 Aug 2021 14:53:41 GMT] HTTP/1.1 POST [/upload/image] 200 OK --- 72 bytes - 1004.184 msMozilla/5.0 (Windows NT 10.0; Win64; x64) AppleWebKit/537.36 (KHTML, like Gecko) Chrome/92.0.4515.131 Safari/537.36
[Sat, 14 Aug 2021 14:53:44 GMT] HTTP/1.1 POST [/upload/fetchImg] 200 OK --- 127479 bytes - 2.249 msMozilla/5.0 (Windows NT 10.0; Win64; x64) AppleWebKit/537.36 (KHTML, like Gecko) Chrome/92.0.4515.131 Safari/537.36
[Sat, 14 Aug 2021 14:54:21 GMT] HTTP/1.1 POST [/upload/image] 200 OK --- 72 bytes - 1012.242 msMozilla/5.0 (Windows NT 10.0; Win64; x64) AppleWebKit/537.36 (KHTML, like Gecko) Chrome/92.0.4515.131 Safari/537.36
[Sat, 14 Aug 2021 14:54:25 GMT] HTTP/1.1 POST [/upload/fetchImg] 200 OK --- 127479 bytes - 1.871 msMozilla/5.0 (Windows NT 10.0; Win64; x64) AppleWebKit/537.36 (KHTML, like Gecko) Chrome/92.0.4515.131 Safari/537.36
[Sat, 14 Aug 2021 14:54:48 GMT] HTTP/1.1 POST [/upload/image] 200 OK --- 72 bytes - 1002.482 msMozilla/5.0 (Windows NT 10.0; Win64; x64) AppleWebKit/537.36 (KHTML, like Gecko) Chrome/92.0.4515.131 Safari/537.36
[Sat, 14 Aug 2021 14:54:50 GMT] HTTP/1.1 POST [/upload/fetchImg] 200 OK --- 127479 bytes - 2.244 msMozilla/5.0 (Windows NT 10.0; Win64; x64) AppleWebKit/537.36 (KHTML, like Gecko) Chrome/92.0.4515.131 Safari/537.36
[Sat, 14 Aug 2021 14:56:19 GMT] HTTP/1.1 POST [/upload/image] 200 OK --- 72 bytes - 1015.186 msMozilla/5.0 (Windows NT 10.0; Win64; x64) AppleWebKit/537.36 (KHTML, like Gecko) Chrome/92.0.4515.131 Safari/537.36
[Sat, 14 Aug 2021 14:56:21 GMT] HTTP/1.1 POST [/upload/fetchImg] 200 OK --- 127479 bytes - 1.064 msMozilla/5.0 (Windows NT 10.0; Win64; x64) AppleWebKit/537.36 (KHTML, like Gecko) Chrome/92.0.4515.131 Safari/537.36
[Sat, 14 Aug 2021 14:57:58 GMT] HTTP/1.1 POST [/upload/image] 200 OK --- 72 bytes - 1012.560 msMozilla/5.0 (Windows NT 10.0; Win64; x64) AppleWebKit/537.36 (KHTML, like Gecko) Chrome/92.0.4515.131 Safari/537.36
[Sat, 14 Aug 2021 14:58:00 GMT] HTTP/1.1 POST [/upload/fetchImg] 200 OK --- 127479 bytes - 2.178 msMozilla/5.0 (Windows NT 10.0; Win64; x64) AppleWebKit/537.36 (KHTML, like Gecko) Chrome/92.0.4515.131 Safari/537.36
[Sat, 14 Aug 2021 14:58:00 GMT] HTTP/1.1 GET [/[object%20Blob]] 403 Forbidden --- 9 bytes - 1.274 msMozilla/5.0 (Windows NT 10.0; Win64; x64) AppleWebKit/537.36 (KHTML, like Gecko) Chrome/92.0.4515.131 Safari/537.36
[Sat, 14 Aug 2021 14:58:46 GMT] HTTP/1.1 DELETE [/upload/deleteImg] 200 OK --- 47 bytes - 1006.173 msMozilla/5.0 (Windows NT 10.0; Win64; x64) AppleWebKit/537.36 (KHTML, like Gecko) Chrome/92.0.4515.131 Safari/537.36
[Sat, 14 Aug 2021 14:59:08 GMT] HTTP/1.1 GET [/users/getList?name=&password=&t=1628953148405] 200 OK --- 818 bytes - 66.297 msMozilla/5.0 (Windows NT 10.0; WOW64; Trident/7.0; rv:11.0) like Gecko
[Sat, 14 Aug 2021 14:59:18 GMT] HTTP/1.1 GET [/users/getList?name=&password=&t=1628953158390] 200 OK --- 818 bytes - 3.523 msMozilla/5.0 (Windows NT 10.0; WOW64; Trident/7.0; rv:11.0) like Gecko
[Sat, 14 Aug 2021 14:59:23 GMT] HTTP/1.1 GET [/users/getList?name=&password=&t=1628953163067] 200 OK --- 818 bytes - 3.035 msMozilla/5.0 (Windows NT 10.0; WOW64; Trident/7.0; rv:11.0) like Gecko
[Sat, 14 Aug 2021 14:59:24 GMT] HTTP/1.1 GET [/users/getList?name=&password=&t=1628953164626] 200 OK --- 818 bytes - 2.685 msMozilla/5.0 (Windows NT 10.0; WOW64; Trident/7.0; rv:11.0) like Gecko
[Sat, 14 Aug 2021 14:59:37 GMT] HTTP/1.1 GET [/users/getList?name=&password=&t=1628953177542] 200 OK --- 818 bytes - 3.358 msMozilla/5.0 (Windows NT 10.0; WOW64; Trident/7.0; rv:11.0) like Gecko
[Sat, 14 Aug 2021 15:00:00 GMT] HTTP/1.1 POST [/upload/image] 200 OK --- 72 bytes - 1008.839 msMozilla/5.0 (Windows NT 10.0; Win64; x64) AppleWebKit/537.36 (KHTML, like Gecko) Chrome/92.0.4515.131 Safari/537.36 Edg/92.0.902.73
[Sat, 14 Aug 2021 15:00:02 GMT] HTTP/1.1 POST [/upload/fetchImg] 200 OK --- 127479 bytes - 1.894 msMozilla/5.0 (Windows NT 10.0; Win64; x64) AppleWebKit/537.36 (KHTML, like Gecko) Chrome/92.0.4515.131 Safari/537.36 Edg/92.0.902.73
[Sat, 14 Aug 2021 15:00:02 GMT] HTTP/1.1 GET [/[object%20Blob]] 403 Forbidden --- 9 bytes - 0.513 msMozilla/5.0 (Windows NT 10.0; Win64; x64) AppleWebKit/537.36 (KHTML, like Gecko) Chrome/92.0.4515.131 Safari/537.36 Edg/92.0.902.73
[Sat, 14 Aug 2021 15:00:13 GMT] HTTP/1.1 GET [/[object%20Blob]] 403 Forbidden --- 9 bytes - 0.859 msMozilla/5.0 (Windows NT 10.0; Win64; x64) AppleWebKit/537.36 (KHTML, like Gecko) Chrome/92.0.4515.131 Safari/537.36 Edg/92.0.902.73
[Sat, 14 Aug 2021 15:01:54 GMT] HTTP/1.1 POST [/upload/image] 200 OK --- 72 bytes - 1007.676 msMozilla/5.0 (Windows NT 10.0; Win64; x64) AppleWebKit/537.36 (KHTML, like Gecko) Chrome/92.0.4515.131 Safari/537.36
[Sat, 14 Aug 2021 15:01:56 GMT] HTTP/1.1 POST [/upload/fetchImg] 200 OK --- 127479 bytes - 1.810 msMozilla/5.0 (Windows NT 10.0; Win64; x64) AppleWebKit/537.36 (KHTML, like Gecko) Chrome/92.0.4515.131 Safari/537.36
[Sat, 14 Aug 2021 15:01:56 GMT] HTTP/1.1 GET [/[object%20Blob]] 403 Forbidden --- 9 bytes - 0.919 msMozilla/5.0 (Windows NT 10.0; Win64; x64) AppleWebKit/537.36 (KHTML, like Gecko) Chrome/92.0.4515.131 Safari/537.36
[Sat, 14 Aug 2021 15:02:11 GMT] HTTP/1.1 GET [/upload/fetchImg] 403 Forbidden --- 9 bytes - 0.468 msMozilla/5.0 (Windows NT 10.0; Win64; x64) AppleWebKit/537.36 (KHTML, like Gecko) Chrome/92.0.4515.131 Safari/537.36
[Sat, 14 Aug 2021 15:04:45 GMT] HTTP/1.1 POST [/upload/image] 200 OK --- 72 bytes - 1024.820 msMozilla/5.0 (Windows NT 10.0; Win64; x64) AppleWebKit/537.36 (KHTML, like Gecko) Chrome/92.0.4515.131 Safari/537.36
[Sat, 14 Aug 2021 15:04:46 GMT] HTTP/1.1 POST [/upload/fetchImg] 200 OK --- 127479 bytes - 17.955 msMozilla/5.0 (Windows NT 10.0; Win64; x64) AppleWebKit/537.36 (KHTML, like Gecko) Chrome/92.0.4515.131 Safari/537.36
[Sat, 14 Aug 2021 15:04:46 GMT] HTTP/1.1 GET [/[object%20Blob]] 403 Forbidden --- 9 bytes - 1.051 msMozilla/5.0 (Windows NT 10.0; Win64; x64) AppleWebKit/537.36 (KHTML, like Gecko) Chrome/92.0.4515.131 Safari/537.36
[Sat, 14 Aug 2021 15:07:16 GMT] HTTP/1.1 DELETE [/upload/deleteImg] 200 OK --- 47 bytes - 1031.398 msMozilla/5.0 (Windows NT 10.0; Win64; x64) AppleWebKit/537.36 (KHTML, like Gecko) Chrome/92.0.4515.131 Safari/537.36
[Sat, 14 Aug 2021 15:07:21 GMT] HTTP/1.1 POST [/upload/image] 200 OK --- 72 bytes - 1014.749 msMozilla/5.0 (Windows NT 10.0; Win64; x64) AppleWebKit/537.36 (KHTML, like Gecko) Chrome/92.0.4515.131 Safari/537.36
[Sat, 14 Aug 2021 15:07:23 GMT] HTTP/1.1 POST [/upload/fetchImg] 200 OK --- 61979 bytes - 7.974 msMozilla/5.0 (Windows NT 10.0; Win64; x64) AppleWebKit/537.36 (KHTML, like Gecko) Chrome/92.0.4515.131 Safari/537.36
[Sat, 14 Aug 2021 15:07:23 GMT] HTTP/1.1 GET [/[object%20Blob]] 403 Forbidden --- 9 bytes - 0.921 msMozilla/5.0 (Windows NT 10.0; Win64; x64) AppleWebKit/537.36 (KHTML, like Gecko) Chrome/92.0.4515.131 Safari/537.36
[Sat, 14 Aug 2021 15:07:30 GMT] HTTP/1.1 DELETE [/upload/deleteImg] 200 OK --- 47 bytes - 1001.508 msMozilla/5.0 (Windows NT 10.0; Win64; x64) AppleWebKit/537.36 (KHTML, like Gecko) Chrome/92.0.4515.131 Safari/537.36
